0  @  0
0 0 0 0
0 0 0 255
0 @@0
00@@0
00P`00
0123456789
0123456789:;<=>?@abcdefghijklmnopqrstuvwxyz[\\]^_`ABCDEFGHIJKLMNOPQRSTUVWXYZ
0123456789:;<=>?@abcdefghijklmnopqrstuvwxyz[\\]^_`abcdefghijklmnopqrstuvwxyz
0123456789ABCDEF
0123456789ABCDEFPX
0123456789abcdef
0123456789abcdefpx
016llx
04\n \n008@HPX\n
08@P`p
0H#89W0v
0ffffff
0벐UAWAVSPI
1.2.11
10B99CC24B46CCF94E0E371687C756DB
10IAppSystem
12.6f
127.0.0.1
1434713789_main
14CBaseAppSystemI14IScriptManagerE
14CScriptManager
14IScriptManager
15CTier0AppSystemI14IScriptManagerLx0EE
15CTier1AppSystemI14IScriptManagerLx0EE
15CTier2AppSystemI14IScriptManagerLx0EE
15IScriptDebugger
16CLuaDbgInspector
17ILuaDbgConnection
19wDv,H
1O1Y4\r6
1\a\rP1\a\t
1ɋWDff
20CPostConnectCallback
22CSchemaInstallCallback
23456789
24IStack_VM_Segment_Marker
258EAFA5-E914-47DA-95CA-C5AB0DC85B11
28CBaseVModuleMetadataProvider
28CStack_Lua_VM_Segment_Marker
2TIJAULH1
2TIJAULH\t
30CExampleModuleMetadataProvider
30ph22;Uzj
3;CScs
3I;{\bsEH
4,uHL
4,uRL
41CModuleMetadataProvider_ResourceManifests
4V#KXf
4\nWwҠO
5&YA1A
5,¸YiJ
5,¸YiN
5CSHA1
6CLuaVM
6CNopVM
6eĉ>D9
7)0,m
7CLuaDbg
80D?\bfA
81D?\bfA
8A9F8v
8C@(\fEtobitDbnotEbswapFlshift
8CLuaDBGp
8[A^A
9D\n\bu\vH
9F0vSHc
9IScriptVM
9L$\bw[H
9S0v\rHc
A#4$E1
A#4$H
A#4$L
A#D$4H
A)L$\bA
A96~\vA
A9@(w#H
A9@(w+H
A9D$HtG
A9E\bt
A9Ept'L
A9EptNL
A9Epu{L
A9F8v
A9F\bt7
A9H(v\a
A9P@v>I
A9n0v
A;G8r
A;Gd~\rA
A;S$}WA
A;T$8sHL
A;W8sAL
A;W8sBL
A;W8s^L
A;W@v6A
ACCEPT
ANYCRLF
APPSYSTEM: In ConnectInterfaces(), s_nRegistrationCount is %d!\n
ARARARA
ARA` B
AUATASARAQAPWVUH
AWARA`=A
AWAVATS
AWAVATSA
AWAVATSH
AWAVATSI
AWAVATSL
AWAVATSP
AWAVATSPH
AWAVATSPI
AWAVATSPL
AWAVAUATS
AWAVAUATSD
AWAVAUATSH
AWAVAUATSI
AWAVAUATSL
AWAVAUATSP
AWAVAUATSP1
AWAVAUATSPA
AWAVAUATSPD
AWAVAUATSPE
AWAVAUATSPH
AWAVAUATSPHc\a
AWAVAUATSPI
AWAVAUATSPL
AWAVAUATSPM
AWAVSA
AWAVSD
AWAVSH
AWAVSI
AWAVSL
AWAVSP
AWAVSPA
AWAVSPH
AWAVSPH9
AWAVSPI
AWAVSPLc
A\\A]A^A_]ÐUAWAVAUATSH
A\\A^A_]ÐUAWAVAUATSPH
A]A[AVBTB
A^A_ÐAVSPI
A^A_ÐUAWAVAUATSH
A^]ÐAVSPI
A^]ÐUSP1
A^ÐAVSPH
AlignedByteArray not properly aligned\n
AnimGraphEditorUtils001
AnimationSystemUtils_001
AnimationSystem_001
Ap\bRA
Ap\bRARARARARARA\\D`BAp\bRAVAp\bRA`BAUASASB
Ap\bRASAp\b
Arabic
Armenian
AssetBrowserSystem_001
AssetPreviewSystem_001
AssetRenameSystem_001
AssetSystem001
AssetSystemTest001
Attempted to ConvertToCopiedData for unsupported type (%d)\n
Audits
Avestan
B [A^A
BSR_ANYCRLF
BSR_UNICODE
BTBVB`4Cp
BakedLODBuilderMgr001
Balinese
BenchmarkService001
Bengali
BinaryProperties_GetValue
BitwiseAnd
BitwiseNot
BitwiseOr
BitwiseXor
Bopomofo
Brahmi
Braille
Breakpoint type (%s) not supported
Browser
Browser" : " INSPECTOR_BROWSER_NAME ", "Protocol-Version" : " INSPECTOR_PROTOCOL_VERSION ", "User-Agent" : " INSPECTOR_USER_AGENT ", "webSocketDebuggerUrl" : "ws://localhost:41000/process/%u" }\r\n
Buginese
C H+C8H
C H9C(v\nH
C H;C
C H;C(r
C H;C(s
C H;C(s-H
C H;C(s\rH
C not allowed in lookbehind assertion
C(H+C H
C(H+C8
C(H;C0r
C(H;C0r\bH
C(H;C0s
C(H;C0s\bH
C(H;C0s\vH
C++ exception
C0H+C(E
C0H+C(E1
C0H+C(H
C8;D$8w
C8;D$\bw
C8A;\aw
C@9CHt
C@9CHt5
C@9CHtM
C@9CHu
CCommand::Tokenize: Encountered command which overflows the tokenizer buffer.. Skipping!\n
CDATA[%s
CMemAllocSystemInitialize
COMMIT
CP<Et!<Ou(H
CRC32_ProcessBuffer
CRC64_ProcessBuffer
CUtlLeanVectorImpl::IndexType_t CUtlLeanVectorImpl<CUtlLeanVectorBase<CUtlHashMap<unsigned long long, int>::HashBucket_t>, CUtlHashMap<unsigned long long, int>::HashBucket_t>::AddMultipleToTail(CUtlLeanVectorImpl::IndexIntType_t) [B = CUtlLeanVectorBase<CUtlHashMap<unsigned long long, int>::HashBucket_t>, T = CUtlHashMap<unsigned long long, int>::HashBucket_t, I = int
CUtlSymbolTableLarge element limit of %u exceeded\n
C\a)0D\a\n@D\a1
C\bD9`\b
C\bD9h\b~\f
C\bD9p\b~\f
C\b[A
Can't call %s:%s on an object of type %s
Can't change '%s' right now.\n
Canadian_Aboriginal
Cannot recover from failed socket shutdown. (error %d
Carian
Cast of %s loses value information (returning %s)\n
Cfffff
Chakma
CharacterSetBuild
Cherokee
Cjf;Chu
ClearBit
ClientToolsInfo_001
CommandLine
Common
Compressed message sent without compression enabled\n
Conditional breakpoints are not supported
Connection
Connection: Upgrade\r\nUpgrade: WebSocket\r\nSec-WebSocket-Accept: %s\r\nSec-WebSocket-Version: 13\r\n
Connection: Upgrade\r\nUpgrade: WebSocket\r\nSec-WebSocket-Extensions: permessage-deflate\r\nSec-WebSocket-Version: 13\r\nSec-WebSocket-Key: %s\r\n
Connection:Close\r\n
Constructor called without a class constructor - internal error
Content-Length:%u\r\n
Content-Type:application/json; charset=UTF-8\r\n
Coptic
Couldn't find GET URL\n
Couldn't find HTTP version after GET\n
CreateInterface
Ctz<m
Cuneiform
Cypriot
Cyrillic
D$ H#X
D$ I;D$(s
D$ r)H
D$ tU;S8
D$(I;D$0r\rL
D$0AǄ$t
D$0D9`0s
D$0t1I
D$8;D$\bw
D$8A;E
D$@A9D$H
D$@A9D$Ht
D$@A9D$Ht;D
D$@A9D$HtN
D$@A9D$HtQA
D$@A9D$Ht\bD
D$@E1
D$@u8fE
D$P+D$8+D
D$XI;D$0u
D$\bD9x\b~g
D$\bHcH
D$\bHcH\bH9
D$\bHcH\bI9
D$\bI;F\b
D$\bt\bf
D$\fw~L
D$dA9D$pu\rL
D+d$PD+d$8D+d$(A
D7\b<\nt.<\rt0H
D90t+A
D9e r\vA
D;t$PM
DATA_CONST
DEFINE
DEFINE group contains more than one branch
DOM.getDocument
DOMDebugger
D\at͆mC
D\b\aC:D\f
D\b\bC:D\f
D\b\b]ÐUH
D\b\tC:D\f
D\tt$\bE
D\tɉL$X
D\tΉt$PA
D\vD$dA
DbyteDcharCsub
Debugger
Debugger connected, break-in requested when %s runs\n
Debugger.breakpointResolved
Debugger.paused
Debugger.resumed
Debugger.scriptParsed
DebuggerBreak
Debugging stopped\n
Deflate data does not end with required tail\n
DeflateInit2 failed\n
DemoUpconverterVersion001
Deseret
Devanagari
DynASM 1.5.0
Dԋv\bH
DىD$DL
E(H;E0r3H
E(H;E0r\bH
E)e H
E)g I
E)l$ H
E)u I
E0w1D
E9~0v\rIc
E9~h}OL
E;nPs,I
E@8su
EECC228811#%\e29[;;;;@;;;;(LLLL9[T
EEEAL@MM@L
ERROR: CUtlSymbolTableLarge element limit of %u exceeded\n
ERROR: Debugger.getScriptSource: invalid scriptId '%s' requested
ERROR: Debugger.getScriptSource: no scriptId given
EX$@tpI
EXPORTSYSTEM_INTERFACE_VERSION_001
E\bHcH\bH9
E\bHcH\bI9
EarlyInit_Tier0
Eatan2
EconItemToolModel_001
Egyptian_Hieroglyphs
Emulation
EngineServiceMgr001
Epairs
Error text not found (please report
Error: Duplicate command handler registered (%s)!\n
Ethiopic
ExtractModuleMetadata
EȉL$\bE
EΉL$PH
F L#x\bL
F [A\\A^A
F(A+F
F(I+F H
F(I;F0r
F(I;F0r\bL
F,D+v(I
F0[A^A
F2\a1wsHp
F4#B\fH
F8;D$\bw
F<A;F(uw
FFFFFFFFFFFFFFFF
F\a\e0G\a
F\bD9`\b
F\bHcH\bH9
F\bHcH\bI9
F\bJcL
F\bNc\f(I
F\b[A
F\b[A^A
F\b]ÐUH
Failed to accept an incoming %s connection\n
Failed to complete a %s connection to %s\n
Failed to find %s
Failed to read %s
Fassert
Fipairs
FlattenedSerializersVersion001
FontManager_001
Forward
Found existing value when inserting into tree - replacing existing value with new value. If this is intended behavior, use InsertOrReplace. If leaving existing values alone is intended, use InsertIfNotFound. If duplicate entries are intended, use InsertWithDupes
G H9G
G H;G
G H;G(s8H
G H;G(sCH
G H;G(sHH
G H;G(sSH
G H;G(snH
G H;G(sqH
G H;G(s{H
G H;G(s}H
G H;G(tLH
G I;G
G I;G(s
G IcOlH
G ]ÐUH
G(A;G
G(H+G H
G(H;G0r\bH
G(H;G0s
G(I;G0r\bL
G0]ÐUH
G4#F\fH
G@IcOlH
GET %s HTTP/1.1\r\n
GET /json HTTP/1.1\r\n
GET /json/version HTTP/1.1\r\n
GPIcOhH
G\b]ËW\bH
GameResourceServiceClientV001
GameResourceServiceServerV001
GameUIService_001
Generate a random floating point number within a range, inclusive
Generate a random integer within a range, inclusive
Georgian
GetCPUInformation
GetDefaultMiniDumpTypeFlags
GetResourceManifest
GetResourceManifestCount
GetResourceManifests
GetThreadLocalStackAllocator
Glagolitic
Global
Global scope
Globals
Gothic
Gujarati
Gurmukhi
H!ŋC4#E\fH
H!ȋV4#P\fH
H#D$ tP1
H$6t\e\t
H(H+H H
H(H;H t
H(IcWtH
H(L+H I
H*0"ZOW
H+_ H
H9D$@H
H9D$\brBL
H9\bt\aH
H;C(sU
H;D$\bu
H;D$pu
H;D\n\bt&I
H;E0w?H
H;E0wnH
H;G(s"L
H;G(s(H
H;G(s)H
H;G(s*H
H;G0r\t
H;K(s!H
H;M0wnH
H;O\bs\v
H;_(saL
H;l$ H
H;o(s?H
H;o(sCH
H;o(sJH
HOOK_ALLOCATIONS
HTTP/1.1 101
HTTP/1.1 101 Switching Protocols\r\n
HTTP/1.1 200 OK\r\n
HTTP/1.1\r\n
HTTP/WebSocket
H[A^A
H\b[A
H\b[A^A
H\fA;L$\f
H__ZdaPv
H__ZdaPvSt11align_val_t
H__ZdaPvm
H__ZdaPvmSt11align_val_t
H__ZdlPv
H__ZdlPvSt11align_val_t
H__ZdlPvm
H__ZdlPvmSt11align_val_t
H__Znam
H__ZnamRKSt9nothrow_t
H__ZnamSt11align_val_t
H__ZnamSt11align_val_tRKSt9nothrow_t
H__Znwm
H__ZnwmRKSt9nothrow_t
H__ZnwmSt11align_val_t
H__ZnwmSt11align_val_tRKSt9nothrow_t
HammerMapLoader001
Hangul
Hanunoo
Hc@\bIc
HcH\bI9
HcT$\fH
Hct$0L
Hct$4L
Hct$8L
Hct$<L
Hebrew
HelpSystem_001
Hiragana
Host:%s\r\n
HostStateMgr001
I CUtlRBTree<CUtlOrderedMapBase<KV3MetatextType_t, CBufferString, CDefLess<KV3MetatextType_t>, int>::Node_t, CUtlOrderedMapBase<KV3MetatextType_t, CBufferString, CDefLess<KV3MetatextType_t>, int>::CKeyLess>::Insert(T &&) [T = CUtlOrderedMapBase<KV3MetatextType_t, CBufferString, CDefLess<KV3MetatextType_t>, int>::Node_t, L = CUtlOrderedMapBase<KV3MetatextType_t, CBufferString, CDefLess<KV3MetatextType_t>, int>::CKeyLess, I = int, M = CUtlLeanVector<UtlRBTreeNode_t<CUtlOrderedMapBase<KV3MetatextType_t, CBufferString, CDefLess<KV3MetatextType_t>, int>::Node_t, int
I H;L$P
I H;L$Pu
I#\aH\r
I+D$ H
I98t\tH
I9D$ t
I9\at E1
I9\atrI
I9ܱur\tI9
I;D$0u
I;L$ u3D
I;\as)H
I;\as1H
I;\as6H
I;\as8H
I;\asVH
I;\as\eH
I;\as\rH
I;\assH
IGNORING Event '%s'\n
IGNORING Result for %llu\n
IGNORING Runtime.getProperties for '%s'\n
INSPECTOR ERROR: %s\n
IPulseSystem_001
IcD$\bH9
IcE\bI9
IcF\bH
IcG\bI9
IcM\bH
IcT$\bH
IiGM>nw
Imperial_Aramaic
Incoming Inspector message: %s\n
Inert VModuleMetadata
InflateInit2 failed\n
Inherited
InputService_001
InputStackSystemVersion001
InputSystemVersion001
Inscriptional_Pahlavi
Inscriptional_Parthian
Inspector
Inspector /json
Inspector WebSocket
Inspector client connected on port %u\n
Inspector message does not have a method or result\n
Inspector message result is not a table\n
InstallSchemaBindings
Invalid WS leader 0x%02x\n
Invalid WebSocket message received\n
Invalid connection type
Invalid context (id=%d
Invalid continueToLocation message
Invalid evaluate message
Invalid evaluateOnCallFrame message
Invalid getProperties message
Invalid removeBreakpoint message
Invalid setBreakpoint message
Invalid setBreakpointByUrl message
Invalid setInstrumentationBreakpoint message
Invalid setVariableValue message
Invalid stack level (%d
Invalid use of KV3 specific type %s with basic type %s, must be basic type %s
InvokeMiniDumpHandler
IsBitSet
IsNull
IsNull called without an object - did you call obj.IsNull() instead of obj:IsNull
JIT compiler disabled
J\a\r0K\aE`K\a
J]l)Jv
Javanese
JsVersion
K H+K8H
K(H+K H
K0H+K(H
K2K2K2
KV3 instances cannot be set to an unspecified specific type
Kaithi
Kannada
Katakana
Kayah_Li
KeyValueCache001
KeyValues3 *CKeyValues3Context::Root
KeyValues3: pre-allocated array memory is too small for %u elements (%u bytes available, %u bytes needed)\n
KeyValues3: pre-allocated table memory is too small for %u members (%u bytes available, %u bytes needed)\n
Kharoshthi
KpHcSh
L$ L#y
L$ tAH
L$,s\vL
L$0tKH
L$D;L$Ht
L$HHc\tH
L$\bD9y
L$\brSf
L$\bt:I
L$lfA
L+l$0I
L9(tTI
L9T$@u
L9_DvGH
L;T$XuIA
L;t$Hs+H
LIMIT_MATCH
LIMIT_RECURSION
LINKEDIT
LOADED
LOADLIB
LOADLIB: %s
LOG_CONSOLE
LUA Memory usage warning: The VM has hit a new high usage of %s bytes.\n
LUA Memory usage: The VM has a usage of %s bytes.\n
LUA_CPATH
LUA_NOENV
LUA_PATH
Length
Length2D
Lepcha
Lffffff
Linear_B
LoadAndCompileScriptFile: Failed to compile script file "%s"\n
LoadAndCompileScriptFile: No filesystem found\n
LoadAndCompileScriptFile: Script file "%s" type does not match VM type\n
Localize_001
Log.entryAdded
LoggingSystem_IsChannelEnabled
LoggingSystem_Log
LoggingSystem_RegisterLoggingChannel
Lua 5.1
Lua DBGp
Lua function expected
Lua scripting panic: %s
LuaDBGp
LuaDBGp: <-- %s\n
LuaDBGp: Failed to connect to %s:%d\n
LuaDBGp: Retrying to connect to %s:%d in 1s (%d/%d)\n
LuaDBGp: Succeeded to connect to %s:%d\n
LuaDBGp: Trying to connect to %s:%d\n
LuaDBGp: Unknown command received from the IDE - "%s
LuaDbg
LuaDbg - Debugging started for %s\n
LuaDbg - Debugging stopped\n
LuaDbgFakeModule
LuaTable
Lycian
Lydian
M(;M,vhH
M(H9A\bt
M+O(L9
M4#H\fI
M9Z\bu M
M9Z\bu@I
M;8t_A
M;x\bsiA
MARK) must have an argument
MATCHFRAMEWORK_001
MODEL_PROCESSING_SERVICES_INTERFACE_001
Malayalam
Malformed VMDbg Runtime.getProperties for '%s'\n
Mandaic
MapListService_001
MaterialUtils_001
Mcg A
Meetei_Mayek
MemAlloc_AllocFunc
MemAlloc_FreeFunc
MemAlloc_StrDupFunc
Meroitic_Cursive
Meroitic_Hieroglyphs
MeshSystem001
MeshUtils001
Message count limit of %d hit. Subsequent duplicate messages will be squelched.\n
Mffffff
Missing breakpoint data ( breakpoint with ID %s
Missing breakpoint with given ID %s
ModelDocUtils001
Mongolian
Multiple locals named '%s
Myanmar
MȉL$tA
N is not supported in a class
N(A+N8H
N(I+N
N(I+N H
N,A+F(A
NO_AUTO_POSSESS
NO_START_OPT
NULLI
NavGameTest001
Network
NetworkClientService_001
NetworkMessagesVersion001
NetworkP2PService_001
NetworkServerService_001
NetworkService_001
NetworkSystemVersion001
New_Tai_Lue
Newline in string literal
No closing */ before end of file
No conversion from %s to float now\n
No conversion from %s to int now\n
No conversion from %s to string at the moment!\n
No conversion from %s to uint now\n
No function binding found
No local named '%s
NodeWorker
Normalized
Not sure how we got here
O ]ÐUH
O@IcGlH
OP]ÐUH
OPslH
O\aA\bM\aA
O\bA+G$H
O\bA\bM\bA
O\fA\bM\fA
O\nA\bM\nA
O\rA\bM\rA
O\tA\bM\tA
O\vA\bM\vA
Offffff
Ol_Chiki
Old_Italic
Old_Persian
Old_South_Arabian
Old_Turkic
Osmanya
Overlay
P(H;P t
P@P@P0000@P@P@P0000@@p
P@p00P`0P
PACKAGE
PANIC: unprotected error in call to Lua API
PB\a\n C\a
PCRE does not support \\L, \\l, \\N{name}, \\U, or \\u
POSIX collating elements are not supported
POSIX named classes are supported only within a class
PPP@0 0@00
PPPPPPP
PRELOAD
PRNG state must be an array with up to 8 integers or an integer
PanoramaTextServices001
PanoramaUIClient001
PanoramaUIEngine001
Parameter type mismatch
ParticleSystemMgr003
Phags_Pa
Phoenician
PhysicsBuilderMgr001
Plat_DebugPrint
Plat_DebugString
Plat_ExitProcess
Plat_FatalError
Plat_GetExeModule
Plat_GetModuleProcAddress
Plat_GetTime
Plat_IsFile
Plat_IsInDebugSession
Plat_MSTime
Plat_MSTime64
Plat_NonFatalErrorFunc
Plat_RelativeTicks
Plat_TickDiffSec
Plat_TicksAfterMilliSecs
Plat_VirtualAlloc
Plat_VirtualFree
Pn\a>pn\a
Pointers cannot be used as numeric values
PostProcessingSystem_001
Print a message
Print a warning
Profiler
PropertyEditorSystem_001
Q(H9B\btyH
QAngle
QQQQQQQQQQGQQQQQYYYYQQQQREQQQQQQRRRRRRRR
QQQQQQQQQQQQQQQQQQ
QQQQRRRRRRRRRRRRRRRR
QQcfQQQQQQ
Qffffff
Qkkbal
Quaternion
R or (?[+-]digits must be followed by
RAp\bRA
RKSt9nothrow_t
RRRRRRQRQ
RRRRRRRR
RRRRRRRR4Q5QQQQQ
RRRRRRRREEGRQQQQ
RandomFloat
RandomFloatWrapper
RandomInt
Receive buffer overflow for %s\n
Received request doesn't look like an HTTP GET\n
RegisterConCommand: Unknown error registering con command "%s"!\n
RegisterConVar: Unknown error registering convar "%s"!\n
RegisterStringToken
Rejang
Release
RenderDevice003
RenderDeviceMgr001
RenderHardwareConfig002
RenderService_001
RenderUtils_001
ResourceCompilerSystem001
ResourceHandleUtils001
ResourceManifestRegistry001
ResourceSystem013
Rfffff
Runtime
Runtime.executionContextCreated
S(H+S H
S8s<H
S9W(ui
SOCKET_ERR_ACCEPT_FAILED
SOCKET_ERR_BAD_USER_DATA
SOCKET_ERR_BIND_OPERATION_FAILED
SOCKET_ERR_CANT_WRITE
SOCKET_ERR_CONNECTION_CLOSED
SOCKET_ERR_CONNECTION_RESET
SOCKET_ERR_CONNECT_FAILED
SOCKET_ERR_CREATE_FAILED
SOCKET_ERR_ENABLE_BLOCKING_MODE_FAILED
SOCKET_ERR_ENABLE_NON_BLOCKING_MODE_FAILED
SOCKET_ERR_EVENT_SELECT_FAILED
SOCKET_ERR_FILE_ALREADY_EXISTS
SOCKET_ERR_FILE_OPEN_FAILED
SOCKET_ERR_GENERAL_SOCKET_ERROR
SOCKET_ERR_HOST_NOT_FOUND
SOCKET_ERR_INVALID_CONNECTION
SOCKET_ERR_LISTEN_FAILED
SOCKET_ERR_MIXING_PACKET_SENDS
SOCKET_ERR_NO_AVAILABLE_ENDPOINTS
SOCKET_ERR_NO_INCOMING_CONNECTIONS
SOCKET_ERR_OPERATION_NOT_SUPPORTED
SOCKET_ERR_PARTIAL_PACKET_OVERFLOW
SOCKET_ERR_POLLING_OPERATION_FAILED
SOCKET_ERR_READ_OPERATION_FAILED
SOCKET_ERR_READ_OPERATION_WOULD_BLOCK
SOCKET_ERR_WRITE_OPERATION_FAILED
SOCKET_ERR_WRITE_OPERATION_WOULD_BLOCK
SSE and SSE2 are required
SSSSSSSS
Samaritan
Saurashtra
SceneSystem_002
SceneUtils_001
SchemaSystem_001
SchemaTestExternal_One_001
SchemaTestExternal_Two_001
Script Runtime Error: %s\n
Script load error for script:\n %s\n
Script load error for script\n %s: \n%s\n
Script_Msg
Script_Warning
Sec-WebSocket-Accept
Sec-WebSocket-Extensions
Sec-WebSocket-Extensions: permessage-deflate\r\n
Sec-WebSocket-Key
Sec-WebSocket-Version
See locals
Sending text WebSocket message: %s\n
SerializedEntitiesVersion001
ServerToolsInfo_001
ServiceWorker
SetBit
Sharada
Shavian
Sinhala
Socket error: %d\n
Sora_Sompeng
SoundOpSystem001
SoundOpSystemEdit001
SoundService_001
SoundSystem001
Source2Client002
Source2ClientPrediction001
Source2ClientUI001
Source2EngineToClient001
Source2EngineToClientStringTable001
Source2EngineToServer001
Source2EngineToServerStringTable001
Source2GameClients001
Source2GameEntities001
Source2Host001
Source2ModTools001
Source2Server001
Source2V8System001
St11align_val_t
StatsService_001
SteamAudio001
Success
Sundanese
Syloti_Nagri
Syriac
System/Library/Frameworks/CoreServices.framework/Versions/A/CoreServices
System/Library/Frameworks/Foundation.framework/Versions/C/Foundation
T$ H#J
T$ t\eM
T$(H9T
T$0u@H
T$8+T$HH
T$8;S8
T$@A9T$H
T$D;T$Hu
T$\f9V\f
T$\ft1H
TD_OFFSET_NORMAL
TD_OFFSET_PACKED
TQSQQRQQ
Tagalog
Tagbanwa
Tai_Le
Tai_Tham
Tai_Viet
Target
Target.attachedToTarget
Target.targetCreated
Telugu
TestScriptMgr001
TextLayout_001
Thaana
The function %s requires too many parameters
This convar is being accessed prior to ConVar_Register being called
This object has been deleted from C++ and no longer exists. (Use :IsNull() to detect this
ThreadGetCurrentId
ThreadGetCurrentProcessId
ThreadSleep
Tibetan
Tifinagh
ToHexString
ToggleBit
ToolFramework2_002
ToolSceneNodeFactory_001
ToolService_001
Trying to set a breakpoint with missing file/line. Ensure the file is part of the Eclipse project (refresh project is necessary) and reopen the file in Eclipse
U LcT
U4D#P\fEk
UAVSH
UAVSI
UAWAVATS
UAWAVATS1
UAWAVATSA
UAWAVATSH
UAWAVATSI
UAWAVATSM
UAWAVAUATSH
UAWAVAUATSI
UAWAVAUATSP
UAWAVAUATSP9
UAWAVAUATSPA
UAWAVAUATSPD
UAWAVAUATSPE
UAWAVAUATSPH
UAWAVAUATSPI
UAWAVAUATSPL
UAWAVAUATSPf
UAWAVSD
UAWAVSH
UAWAVSL
UAWAVSP
UAWAVSPA
UAWAVSPD
UAWAVSPH
UAWAVSPI
UAWAVSPL
UInt64
UNHANDLED Audits Inspector sub-method '%s'\n
UNHANDLED Browser Inspector sub-method '%s'\n
UNHANDLED CSS Inspector sub-method '%s'\n
UNHANDLED DOM Inspector sub-method '%s'\n
UNHANDLED DOMDebugger Inspector sub-method '%s'\n
UNHANDLED Debugger Inspector sub-method '%s'\n
UNHANDLED Inspector Inspector sub-method '%s'\n
UNHANDLED Inspector method '%s'\n
UNHANDLED Log Inspector sub-method '%s'\n
UNHANDLED Network Inspector sub-method '%s'\n
UNHANDLED NodeWorker Inspector sub-method '%s'\n
UNHANDLED Overlay Inspector sub-method '%s'\n
UNHANDLED Page Inspector sub-method '%s'\n
UNHANDLED Profiler Inspector sub-method '%s'\n
UNHANDLED Runtime Inspector sub-method '%s'\n
UNHANDLED ServiceWorker Inspector sub-method '%s'\n
UNHANDLED Target Inspector sub-method '%s'\n
UNHANDLED WS payload size %llu\n
UNHANDLED non-text WS content type %u\n
USAWAVH
UUUUUUտh
Ugaritic
Unable to connect to debugger\n
Unable to convert Inspector /json to KV3, '%s'\n
Unable to convert Inspector JSON to KV3, '%s'\n
Unable to convert setVariableValue value
Unable to create environment
Unable to set URL breakpoint at %s:%u
Unable to set breakpoint at %s:%u
Unable to set instrumentation breakpoint
Unable to set temporary breakpoint at %s:%u
Unable to set value of '%s
Unable to update line number for the breakpoint with ID %s
Unexpected HTTP GET URL '%s'\n
Unknown KV3 specific type %u
Unknown protocol
Unrecognized error
Unsupported KV3 basic type '%s' (%d
Unwind_DeleteException
Unwind_GetCFA
Unwind_GetIP
Unwind_RaiseException
Unwind_Resume
Unwind_SetGR
Unwind_SetIP
Upgrade
Upvalue
Using WebSocket URL: %s\n
UtlVectorMemory_Alloc
UtlVectorMemory_CalcNewAllocationCount
UtlVectorMemory_FailedAllocation
V( fD
V=nL4
VALVE
VApplication001
VAsyncFileSystem2_001
VAvi001
VBik001
VConComm001
VERB) not recognized or malformed
VERSION
VEngineCvar007
VFileSystem017
VM handler failed
VMEVENTS
VMaterialSystem2_001
VMediaFoundation001
VP4003
VPhysics2_Handle_Interface_001
VPhysics2_Interface_001
VProcessUtils002
VProfService_001
VRenderDeviceSetupV001
VScript
VScript Lua: Unhandled variant type %s.\n
VScriptDbg
VScriptManager010
VStringTokenSystem001
VWebm001
V\f[ËO09
V_:X1
V_DoubleToString_Unsafe
V_FixSlashes
V_Int64ToString_Unsafe
V_IsAbsolutePath
V_PrettifyNum
V_StringAfterPrefix
V_StringAfterPrefixCaseSensitive
V_StringParseError
V_StringToBool
V_StringToColor
V_StringToFloat32
V_StringToFloat64
V_StringToInt16
V_StringToInt32
V_StringToInt64
V_StringToQAngle
V_StringToUint16
V_StringToUint32
V_StringToUint64
V_StringToVector
V_StringToVector2D
V_StringToVector4D
V_UInt32ToString_Unsafe
V_UInt64ToString_Unsafe
V_UnqualifiedFileName
V_acosd
V_acosf
V_asinf
V_atan2f
V_atanf
V_atof
V_atoi
V_cosd
V_cosf
V_expf
V_fclose
V_fmodf
V_fopenUTF8
V_fpclassifyd
V_fread
V_fseek
V_ftell
V_fwrite
V_isnand
V_logf
V_powd
V_powf
V_qsort_s
V_sincosf
V_sind
V_sinf
V_snprintf
V_stricmp_fast
V_strncmp
V_strncpy
V_tanf
V_vsnprintf
Vector
Vector2D
Vector4D
VisBuilder_001
Vrad3_001
W4#P\fH
W8t!H9
W8t1H9
WAITING FOR VSCRIPT DEBUGGER CONNECTION for script '%s' -- '-vscriptdebug_script' was provided on the command line.\n
WARNING: Lua allocation of %llu failed\n
WARNING: Lua breakpoint regex '%s' did not compile\n
WARNING: Lua unable to create VM\n
WARNING: Lua unmap unable to decommit all pages\n
WARNING: Lua unmap unable to find %llu pages\n
WARNING: Unable to compile regex '%s', %s\n
WSAEACCES
WSAEADDRINUSE
WSAEADDRNOTAVAIL
WSAEAFNOSUPPORT
WSAEALREADY
WSAEBADF
WSAECANCELLED
WSAECONNABORTED
WSAECONNREFUSED
WSAECONNRESET
WSAEDESTADDRREQ
WSAEDQUOT
WSAEFAULT
WSAEHOSTDOWN
WSAEHOSTUNREACH
WSAEINPROGRESS
WSAEINTR
WSAEINVAL
WSAEISCONN
WSAELOOP
WSAEMFILE
WSAEMSGSIZE
WSAENAMETOOLONG
WSAENETDOWN
WSAENETRESET
WSAENETUNREACH
WSAENOBUFS
WSAENOPROTOOPT
WSAENOTCONN
WSAENOTEMPTY
WSAENOTSOCK
WSAEOPNOTSUPP
WSAEPFNOSUPPORT
WSAEPROTONOSUPPORT
WSAEPROTOTYPE
WSAEREMOTE
WSAESHUTDOWN
WSAESOCKTNOSUPPORT
WSAESTALE
WSAETIMEDOUT
WSAETOOMANYREFS
WSAEUSERS
WSAEWOULDBLOCK
W\\;Q0s
W\a\tpX\aC
Waiting for Inspector client to connect on port %u\n
Waiting for an incoming Inspector connection, %llus so far, timeout in %llus\n
Waiting for debugger connection...\n
Warning
WebSocket
WorldRendererMgr001
X\aB0Y\a\t
Xbox VDP is not supported on this platform
Y>t$7?H
YÐAWAVSI
Z* ,\t\a\vm8
Z14V_stristr_fastPKcS0
Z15LoadKV3FromJSONP10KeyValues3P10CUtlStringPKcS4_j
Z17LoggingSystem_Logi17LoggingSeverity_t5ColorPKcz
Z22Assert_ConditionFailedRK34_AssertCompileTimeConstantStruct_tPKcz
Z23FormatArgumentsToBufferP19IFormatOutputStreamPKcPK28CTypeErasedFormattingWrapperi
Z6DevMsgPKcz
Z8FormatToP19IFormatOutputStream20CFormatStringElementb
Z8FormatToP19IFormatOutputStream20CFormatStringElementf
Z8FormatToP19IFormatOutputStream20CFormatStringElementi
Z9V_strnlenPKci
ZEo^m
ZN10CUtlBuffer10ParseTokenEPK14characterset_tPcib
ZN10CUtlBuffer14EnsureCapacityEi
ZN10CUtlBuffer14PutFileContentEPKc
ZN10CUtlBuffer18AddNullTerminationEv
ZN10CUtlBuffer3GetEPvi
ZN10CUtlBuffer3PutEPKvi
ZN10CUtlBuffer6PrintfEPKcz
ZN10CUtlBuffer7SeekGetENS_10SeekType_tEi
ZN10CUtlBuffer8CheckPutEi
ZN10CUtlBuffer9PutStringEPKc
ZN10CUtlBufferC1EPKviNS_13BufferFlags_tE
ZN10CUtlBufferC1EiiNS_13BufferFlags_tE
ZN10CUtlString15FreeMemoryBlockEv
ZN10CUtlString3SetEPKc
ZN10CUtlString5PurgeEv
ZN10CUtlString6FormatEPKcz
ZN10CUtlString7AcquireEP13CBufferStringb
ZN10CUtlString9SetDirectEPKci
ZN10CUtlStringaSERK13CBufferString
ZN10CUtlStringpLEPKc
ZN10CUtlStringpLEc
ZN12CSplitString5SplitEPKciPS1_ib
ZN13CBufferString10FixSlashesEc
ZN13CBufferString11ToLowerFastEi
ZN13CBufferString12AppendConcatEiPKPKcPKib
ZN13CBufferString12AppendFormatEPKcz
ZN13CBufferString12AppendRepeatEcib
ZN13CBufferString13AppendFormatVEPKcP13__va_list_tag
ZN13CBufferString14EnsureCapacityEiPPcbb
ZN13CBufferString5PurgeEi
ZN13CBufferString6FormatEPKcz
ZN13CBufferString6InsertEiPKcib
ZN13CBufferString6SetPtrEPciibb
ZN13CBufferString7ReplaceEPKcS1_b
ZN13CBufferString8MoveFromERS
ZN13CBufferString8RemoveAtEii
ZN15CKeyValues_Data18Internal_SetStringEPKc
ZN15CUtlBinaryBlock9SetLengthEi
ZN15CUtlSymbolTable9AddStringEPKcPb
ZN15CUtlSymbolTable9RemoveAllEv
ZN15CUtlSymbolTableC1Eiib
ZN15CUtlSymbolTableD1Ev
ZN22CVariableBitStringBase6ResizeEi
ZN22CVariableBitStringBase8FreeIntsEv
ZN24CUniformRandomStreamImplI16CThreadNullMutexE11RandomFloatEff
ZN42CVirtualMachineCallStackTranslationEncoder21EncodeAsNativePointerEPKcS1_j
ZN42CVirtualMachineCallStackTranslationEncoderC2EPKc
ZN42CVirtualMachineCallStackTranslationEncoderD2Ev
ZN5CSHA15FinalEv
ZN5CSHA15ResetEv
ZN5CSHA16UpdateEPKvj
ZN8netadr_t13SetFromStringEPKcb
ZN8netadr_t5SetIPEj
ZN8netadr_t7SetPortEt
ZN8netadr_t7SetTypeE12netadrtype_t
ZN9KeyValues6AddKeyEPKc
ZN9KeyValues6SetIntEPKci
ZN9KeyValues6SetPtrEPKcPv
ZN9KeyValues8SetColorEPKc5Color
ZN9KeyValues8SetFloatEPKcf
ZN9KeyValues9SetUint64EPKcy
ZN9KeyValuesC1EPKcP16IKeyValuesSystemb
ZN9KeyValuesdlEPv
ZN9KeyValuesnwEm
ZNK10CUtlString21IsEqual_CaseSensitiveEPKc
ZNK10CUtlString27IsEqual_FastCaseInsensitiveEPKc
ZNK13CBufferString10StartsWithEPKc
ZNK15CUtlSymbolTable4FindEPKc
ZNK15CUtlSymbolTable6StringE10CUtlSymbol
ZNK8netadr_t8ToStringEPcjb
ZNK8netadr_t9ToSockadrEP8sockaddr
ZNSt3__112basic_stringIcNS_11char_traitsIcEENS_9allocatorIcEEE6appendEPKcm
ZNSt3__112basic_stringIcNS_11char_traitsIcEENS_9allocatorIcEEE9push_backEc
ZNV16CThreadSpinMutex4LockEPKciyj
ZSt9terminatev
ZTVN10__cxxabiv117__class_type_infoE
ZTVN10__cxxabiv120__si_class_type_infoE
ZVǖAO\b
ZdaPv
ZdaPvSt11align_val_t
ZdaPvm
ZdaPvmSt11align_val_t
ZdlPv
ZdlPvSt11align_val_t
ZdlPvm
ZdlPvmSt11align_val_t
ZnamRKSt9nothrow_t
ZnamSt11align_val_t
ZnamSt11align_val_tRKSt9nothrow_t
ZnwmRKSt9nothrow_t
ZnwmSt11align_val_t
ZnwmSt11align_val_tRKSt9nothrow_t
a numbered reference must not be zero
a<Wu)H
a<\at2
a=ERCPuED
aD)p I
aD\a$\ad\a
aI;^(u\aH
aIp0\aH
aP\a0\ap\a\b\aH\a(\ah\a
aT\a4\at\a
aX\a8\ax\a
a\a?pa\a\b
a\n @\a
a\tP$\a
a\v6;a\v6
abcdefghijklmnopqrstuvwxyz
accept
accessorPropertiesOnly
active
activelines
actualLocation
aforeach
ainteger
allmeta
allout
alstring
ambiguous syntax (function call x new statement
an argument is not allowed for (*ACCEPT), (*FAIL), or (*COMMIT
anumber
aoption
architecture
argument is not a compiled regular expression
argument not compiled in 8 bit mode
array: %u elements
arshift
assertion expected after
assertion failed
astack
at %p
at end of pattern
atan2
attachToBrowserTarget
attachToTarget
attached
attempt to %s %s '%s' (a %s value
attempt to %s a %s value
attempt to call a %s value
attempt to compare %s with %s
attempt to compare two %s values
attempt to load chunk with wrong mode
attempt to use a closed file
attempt to yield across C-call boundary
audata
axecresult
b 00P@P
b@UUUUUU
bA2^\b
bH+{\bI
bH9C(u\rH
bH;D$0s\nH
bH;s(s.H
bI;^(s\eL
bIcS4\t
bRBp8RBp8RBp8RBp8RBp8RBp8RBp8RBp8RBp8RBp8RBp8RBp8RBp8RBp8RBp8RBp8p(p T0
b[A\\A^A_ÐUAWAVAUATSPH
b[A^A
b[A^ÐAWAVSH
b[A^ÐSH
b\fu"E
b\fu'A
b\fu\b9k8w
b\fu\eD
b\fu\fA
b\fu\r
b\fu\rA
b\fu\v
bad action while in __gc metamethod
bad argument #%d to '%s' (%s
bad light userdata pointer
bad options table
ballocf
base out of range
base64_decode
base64_encode
bboolean
beforeScriptExecution
beforeScriptWithSourceMapExecution
bforeachi
binary
binary blob: %u bytes
binary_blob
blockpooloffset_t CUtlMemoryBlockAllocator<char>::Alloc(uint) [T = char, Alloc_t = CMemAllocAllocator
bndtable
bnewproxy
boolean
boolean or proxy expected
br\eH
break
breakpoint
breakpointId
breakpoint_get
breakpoint_remove
breakpoint_set
breakpoint_update
buffer
buffer error
buffinit
builtin
builtin#I
builtin:%s
bytecode instructions
bzero
c at end of pattern
c must be followed by an ASCII character
callFrameId
callFrames
callFunctionOn
calling '%s' on bad self (%s
canAccessOpener
cannot change a protected metatable
cannot close standard file
cannot deserialize dictionary index %d
cannot deserialize tag 0x%02x
cannot load incompatible bytecode
cannot load malformed bytecode
cannot open %s: %s
cannot put buffer into itself
cannot read %s: %s
cannot resume dead coroutine
cannot resume non-suspended coroutine
cannot resume running coroutine
cannot serialize '%s
cannot use '...' outside a vararg function
cbv%\nb@6
cclosure
ccode
ceilDsqrt
cfunction
char(%d
character
character value in \\u.... sequence is too large
character value in \\x{} or \\o{} is too large
children
chkstk_darwin
chunk has more than %d local variables
chunk has too many lines
chunk has too many syntax levels
className
clearAcceptedEncodingsOverride
clearerr
close
closed file
closing ) for (?C expected
collectgarbage
color32
columnNumber
command
common
concat
concatenate
condition
conditional group contains more than two branches
config
configurable
connect
const
constants
context
context_get
context_names
continueToLocation
control structure too long
coroutine
coroutine expected
coroutine_list
createEyieldFresume
cstring
currentline
cxa_atexit
cxa_begin_catch
cxa_guard_abort
cxa_guard_acquire
cxa_guard_release
cxa_pure_virtual
d %d %d
d %d %d %d
d$ t&H
d$(tW1
d$@~ E1
d$\bH9i
d\a\rPf\a
d\n ~mA
data error
debug command
debugCommand
debug\ttraceback
debuggerId
decode
deflate 1.2.11 Copyright 1995-2017 Jean-loup Gailly and Mark Adler
deflate failed, result %d\n
deregister_frame
description
description" : "Lua VM Debugging", "devtoolsFrontendUrl" : "/devtools/inspector.html?ws=localhost:41000/process/%u/%s", "id" : "%s", "title" : "%s", "url" : "http://vscript/lua/%s", "type" : "page", "webSocketDebuggerUrl" : "ws://localhost:41000/process/%u/%s" } ]\r\n
detachFromTarget
dev/urandom
different names for subpatterns of the same number are not allowed
digit expected after
disable
disabled
disallowed Unicode code point (>= 0xd800 && <= 0xdfff
dlclose
dlerror
dlopen
dlsym
dofile
double
dumpstack
duplicate label '%s
duplicate table key
dyld_stub_binder
e(A)] M)f(u\bI
e(E)u M)g
e(E)u M)g(L
e(E)} H
e1A26b
eZ\eZ\e
efffff
effffff
eh_frame
ehandle
elseif
enable
enabled
encode
encoding
endColumn
endLine
entity_name
enumerable
erroffset passed as NULL
error
error in error handling
error loading module '%s' from file '%s':\n\t%s
error object is not a string
errorEpcall
essthan
estudata
et\r<@t
etmetafield
etthread
evaluate
evaluate ignored
evaluateOnCallFrame
ewh/?y
example_metadata
exception
exceptionDetails
exceptionId
exdata
executionContextId
expression
external hook
f %f %f
f %f %f %f
f <fuz
f"Ic6H
fA9D$H
f\a\bPg\a
f\bH9L
failed to get memory
fclose
feature
feature_get
feature_name
feature_set
ferror
fff>fff>fff>fff
fffff
ffffff
fflush
fgets
fheckstack
field '%s' missing in date table
file (%p
file (closed
file error
file:///e:/work/valve/source2/main/game/core/scripts/vscripts/animationsystem/animationsysteminit.lua
filename
fileuri
flc_columns
flc_count
flc_file_ids
flc_file_list
flc_lines
float32
float32[%u
float64
float64[%u
fmodEldexpCmin
fopen
for control
for generator
for index
for limit
for state
for step
for' initial value must be a number
for' limit must be a number
for' step must be a number
format
fputc
fputs
frU%D4fr
fread
frexp
fscanf
fseeko
fstring
ftello
fullname
function
function arguments expected
function at line %d has more than %d %s
function or expression too complex
function or level expected
function too long for return fixup
functionName
fwrite
g %g %g
g %g %g %g
g is not followed by a braced, angle-bracketed, or quoted name/number or by a plain number
g(M+g I
gC\bru&o
g_bUpdateStringTokenDatabase
g_pMemAlloc
gc\n__tostring
gcc_except_tab__TEXT
gcinfo
get length of
getDocument
getIsolateId
getNavigationHistory
getPossibleBreakpoints
getProperties
getResourceTree
getScriptSource
getVersion
getenv
getmetatableLsetmetatable\agetfenv\asetfenvFrawget
global
globalThis.__jsDebugIsReady = true; \n//# sourceURL
globalsymbol
gmatch
goto %s> jumps into the scope of local '%s
group name must start with a non-digit
gxx_personality_v0
h[A^A
handle
handle_lightbinding
hash_dense
hash_sparse
header crc mismatch
hideHighlight
hitBreakpoints
hit_condition
hit_count
hit_value
hscript
hscript_lightbinding
ht(<XuF
http://vscript/lua/%s
i8P/\f
idekey
ightuserdata
in function '%s
in function <%s:%d
in main chunk
incompatible version
inconsistent NEWLINE options
incorrect data check
incorrect header check
incorrect length check
index
index out of range
index__newindex__gc__mode__eq__len__lt__le__concat__call__add__sub__mul__div__mod__pow__unm__metatable__tostring__new
inflate 1.2.11 Copyright 1995-2017 Mark Adler
inflate failed, result %d\n
insert
instrumentation
insufficient memory
int CUtlMemoryBlockAllocator<char>::AddPage(uint) [T = char, Alloc_t = CMemAllocAllocator
int16[%u
int32[%u
integer
internal error: code overflow
internal error: missing capturing bracket
internal error: opcode not recognized
internal error: overran compiling workspace
internal error: previously-checked referenced subpattern not found
internal error: unexpected repeat
internal error: unknown opcode in find_fixedlength
invalid
invalid UTF-16 string
invalid UTF-32 string
invalid UTF-8 string
invalid bit length repeat
invalid block type
invalid capture index
invalid code -- missing end-of-block
invalid code lengths set
invalid condition (?(0
invalid distance code
invalid distance too far back
invalid distances set
invalid escape sequence
invalid escape sequence in character class
invalid format
invalid key to 'next
invalid level
invalid literal/length code
invalid literal/lengths set
invalid long string delimiter
invalid option
invalid option '%s
invalid option '%s' to 'format
invalid order function for sorting
invalid pattern capture
invalid range in character class
invalid replacement value (a %s
invalid stored block lengths
invalid value
invalid value (%s) at index %d in table for 'concat
invalid window size
ioctl
is an invalid data character in JavaScript compatibility mode
isarray
isempty
isvararg
j_alloc_f_VALVE_OVERRIDEN
js_array
js_object
js_raw_args
js_value
jso3E
json/list
json/veH3E
json/version
k is not followed by a braced, angle-bracketed, or quoted name
k(H+k H
k@D+kPM
k\a\npl\a
l!;b\tF
l$0D9f0v
l$8ubH
l$Pt9H
l$Pv-H
l$XUSRQP
l$\bt[9B
la_symbol_ptr
language
lastlinedefined
ldexp
left-over data in buffer
leresult
level out of range
libvscript.dylib
lineNumber
linedefined
lineno
listen
lj_alloc_f_VALVE_OVERRIDEN
lll:kkk97\t\bX[[[O\a
load\nloadstring
loaded
loader_path
loaders
loadfile
loadfile requires a filename argument
loadlib
local
local variables
localize
location
locations
log10
lookbehind assertion is not fixed length
loop in gettable
loop in settable
loop or previous error loading module '%s
lstring
lua;/usr/local/share/luajit-2.1.0-beta3/?.lua;/usr/local/share/lua/5.1/?.lua;/usr/local/share/lua/5.1/?/init.lua
luaJIT_BC_%s
luaJIT_profile_dumpstack
luaJIT_profile_start
luaJIT_profile_stop
luaJIT_setmode
luaJIT_version_2_1_0_beta3
luaL_addlstring
luaL_addstring
luaL_addvalue
luaL_argerror
luaL_buffinit
luaL_callmeta
luaL_checkany
luaL_checkinteger
luaL_checklstring
luaL_checknumber
luaL_checkoption
luaL_checkstack
luaL_checktype
luaL_checkudata
luaL_error
luaL_execresult
luaL_fileresult
luaL_findtable
luaL_getmetafield
luaL_gsub
luaL_loadbuffer
luaL_loadbufferx
luaL_loadfile
luaL_loadfilex
luaL_loadstring
luaL_newmetatable
luaL_newstate
luaL_openlib
luaL_optinteger
luaL_optlstring
luaL_optnumber
luaL_prepbuffer
luaL_pushmodule
luaL_pushresult
luaL_ref
luaL_register
luaL_setfuncs
luaL_setmetatable
luaL_testudata
luaL_traceback
luaL_typerror
luaL_unref
luaL_where
lua_VALVE_HOOK_ALLOCATIONS
lua_VALVE_OVERRIDE_MMAP
lua_assert_on_error
lua_atpanic
lua_call
lua_checkstack
lua_close
lua_concat
lua_copy
lua_cpcall
lua_createtable
lua_debug
lua_dump
lua_equal
lua_error
lua_gc
lua_getallocf
lua_getexdata
lua_getexdata2
lua_getfenv
lua_getfield
lua_gethook
lua_gethookcount
lua_gethookmask
lua_getinfo
lua_getlocal
lua_getmetatable
lua_getstack
lua_gettable
lua_gettop
lua_getupvalue
lua_insert
lua_is_currently_executing
lua_iscfunction
lua_isnumber
lua_isstring
lua_isuserdata
lua_isyieldable
lua_lessthan
lua_load
lua_loadx
lua_newstate
lua_newthread
lua_newuserdata
lua_next
lua_objlen
lua_pcall
lua_pushboolean
lua_pushcclosure
lua_pushfstring
lua_pushinteger
lua_pushlightuserdata
lua_pushlstring
lua_pushnil
lua_pushnumber
lua_pushstring
lua_pushthread
lua_pushvalue
lua_pushvfstring
lua_rawequal
lua_rawget
lua_rawgeti
lua_rawset
lua_rawseti
lua_remove
lua_replace
lua_report_memory
lua_resetthread
lua_resume
lua_setallocf
lua_setexdata
lua_setexdata2
lua_setfenv
lua_setfield
lua_sethook
lua_setlocal
lua_setmetatable
lua_settable
lua_settop
lua_setupvalue
lua_shipping_assert_on_error
lua_status
lua_toboolean
lua_tocfunction
lua_tointeger
lua_tointegerx
lua_tolstring
lua_tonumber
lua_tonumberx
lua_topointer
lua_tothread
lua_touserdata
lua_type
lua_typename
lua_upvalueid
lua_upvaluejoin
lua_version
lua_xmove
lua_yield
luaopen_%s
luaopen_base
luaopen_bit
luaopen_debug
luaopen_io
luaopen_math
luaopen_package
luaopen_string
luaopen_string_buffer
luaopen_table
main function has more than %d %s
malformed \\P or \\p sequence
malformed number
malformed number or name after
malformed pattern (ends with
malformed pattern (missing
malloc
matrix3x4
max_children
max_data
max_depth
memchr
memcmp
memcpy
memcpy_chk
memmove
memset
memset_pattern16
message
metamethod
metatable
method
missing
missing '[' after '%f' in pattern
missing ) after comment
missing opening brace after \\o
missing terminating ] for character class
mod_init_func
modfClog
module
module '%s' not found:%s
module' not called from a Lua function
mprotect
munmap
n H9k t9H
n----- /json/version:\n
n----- WebSocket URL:\n
n//# sourceURL
n/8/v0
nL4=nL4=nL4=nL4=IM
n\b fD
n\t[builtin#%d
n\tno field package.preload['%s
n\tno module '%s' in file '%s
nallocf
name conflict for module '%s
name is too long in (*MARK), (*PRUNE), (*SKIP), or (*THEN
name> or '...' expected
namewhat
need dictionary
newValue
newindex
ngister
nil or table expected
nmetatable
no calling environment
no error
no failure reason set
no loop to break
no value
nodeVersion
non-hex character in \\x{} (closing brace missing
non-octal character in \\o{} (closing brace missing
normal
not enough memory
nothing to repeat
nparams
nrandomseed
nresult
ns3E1
ntp<\rt
number
number after (?C is > 255
number is too big
number out of range
number too big in {} quantifier
numbers out of order in {} quantifier
numchildren
oT$`fD
object
objectId
objlen
octal value is greater than \\377 in 8-bit non-UTF-8 mode
ompile
operand of unlimited repeat could match the empty string
opt/buildbot/buildworker/source2_dota_rel_osx64/build/src/vscript/languages/lua/vlua/vlua.cpp
or 'in' expected
origin
output
p P@`@p
p00000
p0000p   0
p@@0000
p\b]ÐUH
p\b`&Ap
package
package.%s' must be a string
package.loaders' must be a table
package.preload' must be a table
pagesize
panorama
params
parent
parentheses are too deeply nested
parentheses are too deeply nested (stack check
parentheses nested too deeply
path too long
pattern too complex
pclose
pcre_callout
pcre_compile
pcre_compile2
pcre_exec
pcre_free
pcre_free_study
pcre_fullinfo
pcre_malloc
pcre_stack_free
pcre_stack_guard
pcre_stack_malloc
pcre_study
perform arithmetic on
permessage-deflate
pointer
popen
popen\atmpfile
preload
printstack
process/%u
process/%u/%s
processId
product
profile
property
property_get
property_set
protocolVersion
protocol_version
pthread_mutex_destroy
pthread_mutex_init
pthread_mutex_lock
pthread_mutex_unlock
pthread_mutexattr_init
pthread_mutexattr_settype
public/tier0/utlrbtree.h
putchar
qangle
quaternion
r)ЋO4
r+گ\n\eL6
r[ffffff
r\bt\rL
r\eDk
r\nContent-Length
radr://5614542
raise
random
range out of order in character class
rawset\brawequal
reader function must return a string
reason
recursive call could loop indefinitely
reference to non-existent subpattern
register_frame
regular expression is too large
releaseObjectGroup
remove
removeBreakpoint
repGreverse
repbuffer
repeat
repeated subpattern is too long
repeating a DEFINE group is not allowed
require
require('module').builtinModules\n
resource
resource_manifests
resource_name
resourcehandle
resources
response
restartFrame
restartFrame is not supported
result
resume
return
return %s
returnType
revision
rgerror
rmj>zjZ
rorDband
rotation_vector
rpath/libtier0.dylib
rpath/libvscript.dylib
rpcall
rreatetable
rshift
runIfWaitingForDebugger
running
runtime code generation failed, restricted kernel
s %p [%f %f %f
s <null
s allocation count overflow
s allocation count overflow( %llu + %llu > %llu )\n
s allocation count overflow( add %llu + current %llu > max %llu )\n
s called on a pool context (no root available)\n
s called with %d arguments - expected %d
s called with %d arguments - expected %d-%d
s connection attempt timed out\n
s connection attempt to %s timed out\n
s expected, got %s
s has no instance glue - are you doing objectName.%s instead of objectName:%s
s near '%s
s parameter %d: expected %s but got %s.\n
s ~\tH
s#L92u
s' expected
s' expected (to close '%s' at line %d
s0HcS(H
s3McePM
s: %s
s: allocation of %u too large, max %u\n
s: element count overflow (%u)\n
s: invalid array remove count %u (current count %u)\n
s: invalid array remove point %u (current count %u)\n
s: invalid insert point %u (current count %u)\n
s: max element overflow, cur count %u + %u\n
s: member count overflow (%u)\n
s: no space for allocation of %u\n
s>fffff
s\b[A
schemasystem
scopeChain
scopeNumber
script
scriptId
scriptSource
scripts/vscripts
scripts/vscripts/%s
searchpath
seeall
seek\asetvbuf
selectHtonumberHtostring
session
sessionId
setAdBlockingEnabled
setAsyncCallStackDepth
setAttachDebugStack
setAutoAttach
setAutoDarkModeOverride
setBlackboxPatterns
setBreakOnCSPViolation
setBreakpoint
setBreakpointByUrl
setBreakpointsActive
setCacheDisabled
setDiscoverTargets
setEmitTouchEventsForMouse
setEmulatedMedia
setEmulatedVisionDeficiency
setFocusEmulationEnabled
setForceUpdateOnPageLoad
setInstrumentationBreakpoint
setPauseOnExceptions
setPausedInDebuggerMessage
setRemoteLocations
setReturnValue
setReturnValue is not supported
setShowViewportSizeOnResize
setTouchEmulationEnabled
setVariableValue
setfenv' cannot change environment of given object
setitimer
setmode
setsockopt
setting UTF is disabled by the application
setvbuf
sffffff
short_src
shutdown
sigaction
signal
so;/usr/local/lib/lua/5.1/?.so;/usr/local/lib/lua/5.1/loadall.so
socket
soundevent
source
source_file
source_line
sourceid
spD;str
spare error
sparse
stack
stack overflow
stack overflow (%s
stack traceback
stack_chk_fail
stack_chk_guard
stack_get
standard file is closed
startColumn
startLine
startScreencast
startViolationsReport
starting
static int CLuaVM::Lua_AtPanic(lua_State
status
status\arunning\visyieldable
stderr
stderrp
stdin
stdinp
stdout
stdoutp
steam
steamapps/workshop/content
stepInto
stepOut
stepOver
step\bsetpause\nsetstepmul
step_into
step_out
step_over
stopScreencast
stopViolationsReport
stop\arestart\acollect
stopped
stopping
strchr
strcmp
strcpy
stream
stream end
stream error
strerror
string
string length overflow
string slice too long
string.buffer
string/function/table expected
string/number/__tostring
string_t
string_token
strlen
strncmp
strncpy
strrchr
strstr
strtoul
stub_helper
stubs
study
subclass
subpattern name expected
subpattern name is too long (maximum 32 characters
subtype
success
support for \\P, \\p, and \\X has not been compiled
supported
suspended
syntax error
syntax error in subpattern name (missing terminator
t L) H
t [A^A
t"H91t#H
t"IcGdH
t#fff
t$(uDH
t$0uNL
t$PD9T
t$\fufL
t$ffff
t%8Hǅh
t(fff
t)L;T$0r"M
t,<-u5H
t,fff
t/H9D$\bv{H
t1=%g t2=%g hitside=%d startsolid=%s
t6H9D
t=9w\fr8
t?9P\fr:u
t@\nk\nk\n
tBinaryProperties_GetValue
tG@;GD
tI=\n
tIL$PA
tIL$PI
tM;S8s9H
tQ;k8s<H
tRA;W8s>L
tSA;W8s@L
tVA;W8sBL
tXA;W8sCL
tXA;_8sBL
tXH9)taH
tZA;_8
t\\E;g8
t\bSBRCp
t\r<Ot\t
t\tL9+u
t\tL93u
t]I9?uX
t^E;g8H
t_A;T$8sGH
taE;f8
table index is NaN
table index is nil
table overflow
table.clear
table.clone
table.isarray
table.isempty
table.new
table.nkeys
table: %u members
tail return
takeComputedStyleUpdates
targetId
targetInfo
tboolean
temp_unserialization_member
temporary
tgL9v raH
this version of PCRE is compiled without UTF support
this version of PCRE is not compiled with Unicode property support
thread
thread_bss
thread_data
thread_vars
timestamp
tisrunning
tlstring
tlv_bootstrap
tmpfile
tno file '%s
tnumber
to</tkH
too deep to serialize
too many arguments
too many captures
too many forward references
too many length or distance symbols
too many named subpatterns (maximum 10000
too many nested functions
too many results to unpack
too many upvalues
tostring
tostring' must return a string to 'print
tpfff
traceback
trackComputedStyleUpdates
transaction_id
transform
tstate
tstring
tupIcD$\bH
tw'ff
two named subpatterns have the same name
typeDnext
typeof process === 'undefined' || process.pid === undefined ? 'process not defined' : ({ processId: process.pid, nodeVersion: process.version, architecture: process.arch
typeof process === 'undefined' || process.pid === undefined ? 'process not defined' : Object.assign(process.env
u nesting levels not completed\n
u%04x
u&H+7H
u&fB9\f
u(E;u,v
u(I+u A
u(I+u H
u(M+u8f
u1z/UH
uDfffff
uFLcu
uII9F
u\eH!؋p
u\eI9
u\fz\nA9G0v
u\rz\v[A^A
u]z[A9G0
u_fff
uchar32
ufffff
uint16
uint32
uint64
uint8[%u
ullinfo
unable to dump given function
unable to generate a unique filename
unable to register all schema data: %s\n
unbalanced pattern
uncaught
undefined
undefined label '%s
unexpected end of buffer
unexpected symbol
unfinished capture
unfinished long comment
unfinished long string
unfinished string
ungetc
uniqueId
unknown
unknown KV3 basic type '%s' (%d
unknown POSIX class name
unknown compression method
unknown error
unknown header flags set
unknown option bit(s) set
unknown or incorrect option bit(s) set
unknown or malformed optimization flag '%s
unknown property name after \\P or \\p
unknown value type %d
unknown_variant_type
unmatched parentheses
unpack
unrecognized character after
unrecognized character after (? or
unrecognized character after (?P
unrecognized character follows
unserializableValue
unsigned
unspecified
unwind_info
upvalue
upvalues
urlRegex
urn:debugger_protocol_v1
userAgent
userdata
userdata length overflow
userdata_metatable
usr/lib/libSystem.B.dylib
usr/lib/libc++.1.dylib
usr/lib/libiconv.2.dylib
utlstringtoken
uŉ͉h8A
v15.0.0
vD$ptc
vI;\f$u
vIcN\bH
vOVERRIDE_MMAP
vTH;S0r
vXA9v
v\r[A
value expected
var/srcds/shared/dota
vararg
variable names
variableName
variant
vatpanic
vector
vector2
vector2d
vector3
vector4
vector4d
vectorws
version
version_2_1_0_beta3
vffff
vgetregistry\fgetmetatable\fsetmetatable\agetfenv\asetfenv\agetinfo\bgetlocal\bsetlocal\ngetupvalue\nsetupvalue\tupvalueid\vupvaluejoin\asethook\agethook
void CKeyValues3Array::EnsureElementCapacity(CKeyValues3Context *, int, bool, bool
void CKeyValues3Array::InsertMultipleBefore(KeyValues3 *, int, int
void CKeyValues3Array::RemoveMultiple(KeyValues3 *, int, int
void CKeyValues3Table::EnsureMemberCapacity(CKeyValues3Context *, int, bool, bool
void CLuaVM::HandleError(const char *, const char
void CUtlLeanVectorImpl<CUtlLeanVectorBase<CUtlMemoryBlockAllocator<char>::MemPage_t>, CUtlMemoryBlockAllocator<char>::MemPage_t>::EnsureUnusedCapacity(CUtlLeanVectorImpl::IndexIntType_t, CUtlLeanVectorImpl::IndexIntType_t, CapacityBehavior_t) [B = CUtlLeanVectorBase<CUtlMemoryBlockAllocator<char>::MemPage_t>, T = CUtlMemoryBlockAllocator<char>::MemPage_t, I = int
vopen
vraceback
vscript
vscript.LuaDbg
vunref
vwhere
vyperror
w IcWlH
w IcWlL
w(L+w I
w+OQvr
w0Hc_0H
w:ffff
wPs5H
wPs;H
wXA9w
w\a: x\a9
w\tfǃ4\v
w\tfǃD\v
w\tfǃL\v
w\tfǃT\v
w\tfǃd\v
w\tfǃl\v
w\tfǃt\v
w\vAǆx
waitForDebugger
waitingForDebugger
webSocketDebuggerUrl
wn>Jj
writable
wrong number of arguments to 'insert
ws://127.0.0.1
x%llx_%s
x86_64
xEA9Ƌt$\\uBH
xVUAVS
x[A^A
x\nE9~h}\b1
xdigit
xhfffff
xml version="1.0" encoding="UTF-8"?>\n
xpcall\bloadfile
y!HcW\bH
yieldable
z\rYu9fD9B\bu2H
